<?xml version="1.0" encoding="UTF-8"?>
<!-- Generated by org.testng.reporters.JUnitXMLReporter -->
<testsuite hostname="localhost" ignored="0" name="Default test" tests="3" failures="1" timestamp="17 Dec 2018 17:43:20 GMT" time="3.35" errors="0">
  <testcase name="testCanCallStaticLoader" time="0.217" classname="org.eclipse.microprofile.rest.client.tck.ProvidesRestClientBuilderTest"/>
  <testcase name="testIllegalStateExceptionThrownWhenNoBaseUriOrUrlSpecified" time="0.059" classname="org.eclipse.microprofile.rest.client.tck.ProvidesRestClientBuilderTest"/>
  <testcase name="testLastBaseUriOrBaseUrlCallWins" time="0.819" classname="org.eclipse.microprofile.rest.client.tck.ProvidesRestClientBuilderTest">
    <failure type="java.lang.AssertionError" message="expected [GET http://localhost:8080/right1] but found [GET http://localhost:8080/right1/]">
      <![CDATA[java.lang.AssertionError: expected [GET http://localhost:8080/right1] but found [GET http://localhost:8080/right1/]
at org.eclipse.microprofile.rest.client.tck.ProvidesRestClientBuilderTest.testLastBaseUriOrBaseUrlCallWins(ProvidesRestClientBuilderTest.java:59)
at org.jboss.arquillian.testng.Arquillian$2.invoke(Arquillian.java:145)
at org.jboss.arquillian.container.test.impl.execution.LocalTestExecuter.execute(LocalTestExecuter.java:57)
at org.jboss.arquillian.core.impl.ObserverImpl.invoke(ObserverImpl.java:86)
at org.jboss.arquillian.core.impl.EventContextImpl.invokeObservers(EventContextImpl.java:103)
at org.jboss.arquillian.core.impl.EventContextImpl.proceed(EventContextImpl.java:90)
at org.jboss.arquillian.core.impl.ManagerImpl.fire(ManagerImpl.java:133)
at org.jboss.arquillian.core.impl.ManagerImpl.fire(ManagerImpl.java:105)
at org.jboss.arquillian.core.impl.EventImpl.fire(EventImpl.java:62)
at org.jboss.arquillian.container.test.impl.execution.ContainerTestExecuter.execute(ContainerTestExecuter.java:36)
at org.jboss.arquillian.core.impl.ObserverImpl.invoke(ObserverImpl.java:86)
at org.jboss.arquillian.core.impl.EventContextImpl.invokeObservers(EventContextImpl.java:103)
at org.jboss.arquillian.core.impl.EventContextImpl.proceed(EventContextImpl.java:90)
at org.jboss.arquillian.test.impl.TestContextHandler.createTestContext(TestContextHandler.java:116)
at org.jboss.arquillian.core.impl.ObserverImpl.invoke(ObserverImpl.java:86)
at org.jboss.arquillian.core.impl.EventContextImpl.proceed(EventContextImpl.java:95)
at org.jboss.arquillian.test.impl.TestContextHandler.createClassContext(TestContextHandler.java:83)
at org.jboss.arquillian.core.impl.ObserverImpl.invoke(ObserverImpl.java:86)
at org.jboss.arquillian.core.impl.EventContextImpl.proceed(EventContextImpl.java:95)
at org.jboss.arquillian.test.impl.TestContextHandler.createSuiteContext(TestContextHandler.java:69)
at org.jboss.arquillian.core.impl.ObserverImpl.invoke(ObserverImpl.java:86)
at org.jboss.arquillian.core.impl.EventContextImpl.proceed(EventContextImpl.java:95)
at org.jboss.arquillian.core.impl.ManagerImpl.fire(ManagerImpl.java:133)
at org.jboss.arquillian.test.impl.EventTestRunnerAdaptor.test(EventTestRunnerAdaptor.java:139)
at org.jboss.arquillian.testng.Arquillian.run(Arquillian.java:138)
at org.jboss.arquillian.testng.container.TestNGTestRunner.execute(TestNGTestRunner.java:51)
at org.jboss.arquillian.protocol.servlet.runner.ServletTestRunner.executeTest(ServletTestRunner.java:139)
at org.jboss.arquillian.protocol.servlet.runner.ServletTestRunner.execute(ServletTestRunner.java:117)
at org.jboss.arquillian.protocol.servlet.runner.ServletTestRunner.doGet(ServletTestRunner.java:86)
at javax.servlet.http.HttpServlet.service(HttpServlet.java:645)
at javax.servlet.http.HttpServlet.service(HttpServlet.java:750)
at org.eclipse.jetty.servlet.ServletHolder.handle(ServletHolder.java:859)
at org.eclipse.jetty.servlet.ServletHandler.doHandle(ServletHandler.java:542)
at org.eclipse.jetty.server.handler.ScopedHandler.handle(ScopedHandler.java:146)
at org.eclipse.jetty.security.SecurityHandler.handle(SecurityHandler.java:548)
at org.eclipse.jetty.server.handler.HandlerWrapper.handle(HandlerWrapper.java:132)
at org.eclipse.jetty.server.handler.ScopedHandler.nextHandle(ScopedHandler.java:257)
at org.eclipse.jetty.server.session.SessionHandler.doHandle(SessionHandler.java:1588)
at org.eclipse.jetty.server.handler.ScopedHandler.nextHandle(ScopedHandler.java:255)
at org.eclipse.jetty.server.handler.ContextHandler.doHandle(ContextHandler.java:1345)
at org.eclipse.jetty.server.handler.ScopedHandler.nextScope(ScopedHandler.java:203)
at org.eclipse.jetty.servlet.ServletHandler.doScope(ServletHandler.java:480)
at org.eclipse.jetty.server.session.SessionHandler.doScope(SessionHandler.java:1557)
at org.eclipse.jetty.server.handler.ScopedHandler.nextScope(ScopedHandler.java:201)
at org.eclipse.jetty.server.handler.ContextHandler.doScope(ContextHandler.java:1247)
at org.eclipse.jetty.server.handler.ScopedHandler.handle(ScopedHandler.java:144)
at org.eclipse.jetty.server.handler.ContextHandlerCollection.handle(ContextHandlerCollection.java:220)
at org.eclipse.jetty.server.handler.HandlerCollection.handle(HandlerCollection.java:126)
at org.eclipse.jetty.server.handler.HandlerWrapper.handle(HandlerWrapper.java:132)
at org.eclipse.jetty.server.Server.handle(Server.java:502)
at org.eclipse.jetty.server.HttpChannel.handle(HttpChannel.java:364)
at org.eclipse.jetty.server.HttpConnection.onFillable(HttpConnection.java:260)
at org.eclipse.jetty.io.AbstractConnection$ReadCallback.succeeded(AbstractConnection.java:305)
at org.eclipse.jetty.io.FillInterest.fillable(FillInterest.java:103)
at org.eclipse.jetty.io.ChannelEndPoint$2.run(ChannelEndPoint.java:118)
at org.eclipse.jetty.util.thread.strategy.EatWhatYouKill.runTask(EatWhatYouKill.java:333)
at org.eclipse.jetty.util.thread.strategy.EatWhatYouKill.doProduce(EatWhatYouKill.java:310)
at org.eclipse.jetty.util.thread.strategy.EatWhatYouKill.tryProduce(EatWhatYouKill.java:168)
at org.eclipse.jetty.util.thread.strategy.EatWhatYouKill.run(EatWhatYouKill.java:126)
at org.eclipse.jetty.util.thread.ReservedThreadExecutor$ReservedThread.run(ReservedThreadExecutor.java:366)
at org.eclipse.jetty.util.thread.QueuedThreadPool.runJob(QueuedThreadPool.java:765)
at org.eclipse.jetty.util.thread.QueuedThreadPool$2.run(QueuedThreadPool.java:683)
at java.lang.Thread.run(Thread.java:748)
... Removed 48 stack frames]]>
    </failure>
  </testcase> <!-- testLastBaseUriOrBaseUrlCallWins -->
</testsuite> <!-- Default test -->
